2019-05-21 23:12:46,704:INFO:employee:Created Employee: Derrick Kimathi - Derrick.Kimathi@email.com
2019-05-21 23:12:46,704:INFO:employee:Created Employee: Brandon mawira - Brandon.mawira@email.com
2019-05-21 23:12:46,704:INFO:employee:Created Employee: Doris chamba - Doris.chamba@email.com
2019-05-21 23:13:03,957:INFO:employee:Created Employee: Derrick Kimathi - Derrick.Kimathi@email.com
2019-05-21 23:13:03,957:INFO:employee:Created Employee: Brandon mawira - Brandon.mawira@email.com
2019-05-21 23:13:03,957:INFO:employee:Created Employee: Doris chamba - Doris.chamba@email.com
2019-05-21 23:14:02,776:INFO:employee:Created Employee: Derrick Kimathi - Derrick.Kimathi@email.com
2019-05-21 23:14:02,776:INFO:employee:Created Employee: Brandon mawira - Brandon.mawira@email.com
2019-05-21 23:14:02,778:INFO:employee:Created Employee: Doris chamba - Doris.chamba@email.com
2019-05-21 23:15:03,481:INFO:employee:Created Employee: Derrick Kimathi - Derrick.Kimathi@email.com
2019-05-21 23:15:03,482:INFO:employee:Created Employee: Brandon mawira - Brandon.mawira@email.com
2019-05-21 23:15:03,482:INFO:employee:Created Employee: Doris chamba - Doris.chamba@email.com
2019-05-21 23:16:54,292:INFO:employee:Created Employee: Derrick Kimathi - Derrick.Kimathi@email.com
2019-05-21 23:16:54,293:INFO:employee:Created Employee: Brandon mawira - Brandon.mawira@email.com
2019-05-21 23:16:54,293:INFO:employee:Created Employee: Doris chamba - Doris.chamba@email.com
2019-05-21 23:16:54,296:INFO:employee:Created Employee: Derrick kimathi - Derrick.kimathi@email.com
2019-05-21 23:16:54,296:INFO:employee:Created Employee: austin mutuma - austin.mutuma@email.com
2019-05-21 23:16:54,297:INFO:employee:Created Employee: Derrick kimathi - Derrick.kimathi@email.com
2019-05-21 23:16:54,297:INFO:employee:Created Employee: austin mutuma - austin.mutuma@email.com
2019-05-21 23:19:27,555:INFO:employee:Created Employee: Derrick Kimathi - Derrick.Kimathi@email.com
2019-05-21 23:19:27,555:INFO:employee:Created Employee: Brandon mawira - Brandon.mawira@email.com
2019-05-21 23:19:27,556:INFO:employee:Created Employee: Doris chamba - Doris.chamba@email.com
2019-05-21 23:19:27,558:INFO:employee:Created Employee: Derrick kimathi - Derrick.kimathi@email.com
2019-05-21 23:19:27,558:INFO:employee:Created Employee: austin mutuma - austin.mutuma@email.com
2019-05-21 23:19:27,558:INFO:employee:Created Employee: Derrick kimathi - Derrick.kimathi@email.com
2019-05-21 23:19:27,558:INFO:employee:Created Employee: austin mutuma - austin.mutuma@email.com
2019-05-21 23:21:09,473:INFO:employee:Created Employee: Derrick Kimathi - Derrick.Kimathi@email.com
2019-05-21 23:21:09,473:INFO:employee:Created Employee: Brandon mawira - Brandon.mawira@email.com
2019-05-21 23:21:09,473:INFO:employee:Created Employee: Doris chamba - Doris.chamba@email.com
2019-05-21 23:21:09,475:INFO:employee:Created Employee: Derrick kimathi - Derrick.kimathi@email.com
2019-05-21 23:21:09,475:INFO:employee:Created Employee: austin mutuma - austin.mutuma@email.com
2019-05-21 23:21:09,476:INFO:employee:Created Employee: Derrick kimathi - Derrick.kimathi@email.com
2019-05-21 23:21:09,476:INFO:employee:Created Employee: austin mutuma - austin.mutuma@email.com
2019-05-21 23:22:29,759:INFO:employee:Created Employee: Derrick Kimathi - Derrick.Kimathi@email.com
2019-05-21 23:22:29,759:INFO:employee:Created Employee: Brandon mawira - Brandon.mawira@email.com
2019-05-21 23:22:29,759:INFO:employee:Created Employee: Doris chamba - Doris.chamba@email.com
2019-05-21 23:22:29,762:INFO:employee:Created Employee: Derrick kimathi - Derrick.kimathi@email.com
2019-05-21 23:22:29,762:INFO:employee:Created Employee: austin mutuma - austin.mutuma@email.com
2019-05-21 23:22:29,762:INFO:employee:Created Employee: Derrick kimathi - Derrick.kimathi@email.com
2019-05-21 23:22:29,762:INFO:employee:Created Employee: austin mutuma - austin.mutuma@email.com
2019-05-21 23:38:55,028:INFO:employee:Created Employee: Derrick Kimathi - Derrick.Kimathi@email.com
2019-05-21 23:38:55,028:INFO:employee:Created Employee: Brandon mawira - Brandon.mawira@email.com
2019-05-21 23:38:55,028:INFO:employee:Created Employee: Doris chamba - Doris.chamba@email.com
2019-05-21 23:38:55,031:INFO:employee:Created Employee: Derrick kimathi - Derrick.kimathi@email.com
2019-05-21 23:38:55,032:INFO:employee:Created Employee: austin mutuma - austin.mutuma@email.com
2019-05-21 23:38:55,032:INFO:employee:Created Employee: Derrick kimathi - Derrick.kimathi@email.com
2019-05-21 23:38:55,032:INFO:employee:Created Employee: austin mutuma - austin.mutuma@email.com
